<?xml version="1.0" encoding="UTF-8"?>
<!-- Generated by org.testng.reporters.JUnitReportReporter -->
<testsuite hostname="zhangh-PC" name="org.androidpn.server.service.UserServiceTest" tests="1" failures="0" timestamp="28 Jun 2013 13:35:18 GMT" time="0.218" errors="0">
  <testcase name="testSaveUser" time="0.218" classname="org.androidpn.server.service.UserServiceTest"/>
</testsuite> <!-- org.androidpn.server.service.UserServiceTest -->
