<?xml version="1.0" encoding="UTF-8"?>
<!-- Generated by org.testng.reporters.JUnitReportReporter -->
<testsuite hostname="zhangh-PC" name="org.androidpn.server.dao.UserMapperTest" tests="1" failures="0" timestamp="29 Jun 2013 05:25:52 GMT" time="0.229" errors="0">
  <testcase name="testSaveUser" time="0.229" classname="org.androidpn.server.dao.UserMapperTest"/>
</testsuite> <!-- org.androidpn.server.dao.UserMapperTest -->
